<?xml version="1.0" encoding="UTF-8"?>
<!-- Generated by org.testng.reporters.JUnitReportReporter -->
<testsuite hostname="Subhadip" failures="0" tests="1" name="HospitalProject.testCases.HospitalRegisterNewUser" time="6.274" errors="0" timestamp="01 Nov 2023 20:09:20 GMT" skipped="0">
  <testcase classname="HospitalProject.testCases.HospitalRegisterNewUser" name="AbcdHospitalRegistration" time="6.274"/>
</testsuite> <!-- HospitalProject.testCases.HospitalRegisterNewUser -->
