<?xml version="1.0" encoding="UTF-8"?>
<!-- Generated by org.testng.reporters.JUnitReportReporter -->
<testsuite hostname="Subhadip" failures="0" tests="1" name="e_commerce.testCases.ABCD_Hospital_Base" time="7.992" errors="0" timestamp="07 Jan 2025 16:46:45 GMT" skipped="0">
  <testcase classname="e_commerce.testCases.ABCD_Hospital_Base" name="login" time="7.992"/>
</testsuite> <!-- e_commerce.testCases.ABCD_Hospital_Base -->
