<?xml version="1.0" encoding="UTF-8"?>
<!-- Generated by org.testng.reporters.JUnitReportReporter -->
<testsuite skipped="0" hostname="GBKTNEO102X0126" name="e_commerce.testCases.AfaOrderProcessFromSAP" tests="1" failures="0" timestamp="19 Sep 2023 19:27:00 GMT" time="0.002" errors="0">
  <testcase name="bsicFun" time="0.002" classname="e_commerce.testCases.AfaOrderProcessFromSAP"/>
</testsuite> <!-- e_commerce.testCases.AfaOrderProcessFromSAP -->
